--------------------------
This job is allocated on 8 cpu(s)
Job is running on node(s):
wn275.scope.unina.it
wn275.scope.unina.it
wn273.scope.unina.it
wn273.scope.unina.it
wn273.scope.unina.it
wn273.scope.unina.it
wn273.scope.unina.it
wn273.scope.unina.it
Eseguo la compilazione: 
Eseguo il codice: 
Sono 2: tempo impiegato: 4.608631e-04 secondi
Sono 3: tempo impiegato: 7.013083e-03 secondi
Sono 1: tempo impiegato: 5.300045e-04 secondi
Sono 4: tempo impiegato: 4.689693e-04 secondi
Sono 5: tempo impiegato: 1.098490e-02 secondi
Sono 7: tempo impiegato: 3.098416e-02 secondi
Sono 0: tempo impiegato: 2.324510e-02 secondi
Tempo totale impiegato: 3.098416e-02 secondi
Sono 6: tempo impiegato: 2.650905e-02 secondi
Result: 39600679
--------------------------
