--------------------------
This job is allocated on 8 cpu(s)
Job is running on node(s):
wn280.scope.unina.it
wn278.scope.unina.it
wn278.scope.unina.it
wn278.scope.unina.it
wn277.scope.unina.it
wn277.scope.unina.it
wn277.scope.unina.it
wn276.scope.unina.it
Eseguo la compilazione: 
Eseguo il codice: 
Sono 1: tempo impiegato: 1.597404e-05 secondi
Sono 2: tempo impiegato: 1.716614e-05 secondi
Sono 4: tempo impiegato: 1.096725e-05 secondi
Sono 5: tempo impiegato: 3.547837e+00 secondi
Sono 6: tempo impiegato: 1.186003e+00 secondi
Sono 3: tempo impiegato: 3.647428e+00 secondi
Sono 0: tempo impiegato: 1.168172e+00 secondi
Tempo totale impiegato: 4.162335e+00 secondi
Result: 0
Sono 7: tempo impiegato: 4.162335e+00 secondi
--------------------------
