--------------------------
This job is allocated on 8 cpu(s)
Job is running on node(s):
wn280.scope.unina.it
wn278.scope.unina.it
wn278.scope.unina.it
wn278.scope.unina.it
wn277.scope.unina.it
wn276.scope.unina.it
wn275.scope.unina.it
wn275.scope.unina.it
Eseguo la compilazione: 
Eseguo il codice: 
Sono 4: tempo impiegato: 5.547047e-03 secondi
Sono 1: tempo impiegato: 5.587101e-03 secondi
Sono 2: tempo impiegato: 5.829096e-03 secondi
Sono 5: tempo impiegato: 1.105285e-02 secondi
Sono 6: tempo impiegato: 1.115894e-02 secondi
Sono 3: tempo impiegato: 1.198316e-02 secondi
Sono 0: tempo impiegato: 2.724791e-02 secondi
Tempo totale impiegato: 2.724791e-02 secondi
Result: 495063154
Sono 7: tempo impiegato: 1.258397e-02 secondi
--------------------------
