--------------------------
This job is allocated on 8 cpu(s)
Job is running on node(s):
wn276.scope.unina.it
wn276.scope.unina.it
wn276.scope.unina.it
wn276.scope.unina.it
wn276.scope.unina.it
wn276.scope.unina.it
wn276.scope.unina.it
wn276.scope.unina.it
Eseguo la compilazione: 
Eseguo il codice: 
Sono 1: tempo impiegato: 4.940033e-04 secondi
Sono 3: tempo impiegato: 4.909039e-04 secondi
Sono 7: tempo impiegato: 4.909039e-04 secondi
Sono 6: tempo impiegato: 6.351471e-04 secondi
Sono 0: tempo impiegato: 6.511211e-04 secondi
Sono 4: tempo impiegato: 6.542206e-04 secondi
Sono 2: tempo impiegato: 4.968643e-04 secondi
Sono 5: tempo impiegato: 4.909039e-04 secondi
Tempo totale impiegato: 6.542206e-04 secondi
Result: 39600679
--------------------------
