--------------------------
This job is allocated on 8 cpu(s)
Job is running on node(s):
wn279.scope.unina.it
wn279.scope.unina.it
wn279.scope.unina.it
wn279.scope.unina.it
wn279.scope.unina.it
wn277.scope.unina.it
wn277.scope.unina.it
wn277.scope.unina.it
Eseguo la compilazione: 
Eseguo il codice: 
Sono 1: tempo impiegato: 1.029968e-04 secondi
Sono 5: tempo impiegato: 1.080036e-04 secondi
Sono 2: tempo impiegato: 2.588034e-03 secondi
Sono 3: tempo impiegato: 1.029968e-04 secondi
Sono 4: tempo impiegato: 2.614975e-03 secondi
Sono 7: tempo impiegato: 9.298325e-05 secondi
Sono 6: tempo impiegato: 2.570152e-03 secondi
Sono 0: tempo impiegato: 2.628088e-03 secondi
Tempo totale impiegato: 2.628088e-03 secondi
Result: 4952446
--------------------------
