--------------------------
This job is allocated on 8 cpu(s)
Job is running on node(s):
wn274.scope.unina.it
wn274.scope.unina.it
wn274.scope.unina.it
wn274.scope.unina.it
wn274.scope.unina.it
wn274.scope.unina.it
wn274.scope.unina.it
wn274.scope.unina.it
Eseguo la compilazione: 
Eseguo il codice: 
Sono 0: tempo impiegato: 6.699562e-05 secondi
Sono 2: tempo impiegato: 5.888939e-05 secondi
Result: 19
Sono 1: tempo impiegato: 7.605553e-05 secondi
Result: 19
Sono 3: tempo impiegato: 8.082390e-05 secondi
Result: 19
Sono 4: tempo impiegato: 6.818771e-05 secondi
Sono 5: tempo impiegato: 7.796288e-05 secondi
Result: 19
Sono 7: tempo impiegato: 8.010864e-05 secondi
Result: 19
Tempo totale impiegato: 8.082390e-05 secondi
Result: 19
Result: 19
Sono 6: tempo impiegato: 5.793571e-05 secondi
Result: 19
--------------------------
