--------------------------
This job is allocated on 8 cpu(s)
Job is running on node(s):
wn277.scope.unina.it
wn277.scope.unina.it
wn276.scope.unina.it
wn276.scope.unina.it
wn276.scope.unina.it
wn275.scope.unina.it
wn275.scope.unina.it
wn275.scope.unina.it
Eseguo la compilazione: 
Eseguo il codice: 
Sono 1: tempo impiegato: 1.502037e-05 secondi
Sono 4: tempo impiegato: 1.597404e-05 secondi
Sono 2: tempo impiegato: 2.002716e-05 secondi
Sono 5: tempo impiegato: 1.248813e-02 secondi
Sono 6: tempo impiegato: 1.172590e-02 secondi
Sono 3: tempo impiegato: 5.802155e-03 secondi
Sono 0: tempo impiegato: 1.498389e-02 secondi
Sono 7: tempo impiegato: 6.301880e-03 secondi
Tempo totale impiegato: 1.498389e-02 secondi
Result: 19
--------------------------
