--------------------------
This job is allocated on 8 cpu(s)
Job is running on node(s):
wn274.scope.unina.it
wn274.scope.unina.it
wn274.scope.unina.it
wn274.scope.unina.it
wn274.scope.unina.it
wn274.scope.unina.it
wn274.scope.unina.it
wn274.scope.unina.it
Eseguo la compilazione: 
Eseguo il codice: 
Sono 3: tempo impiegato: 1.289845e-04 secondi
Result: 4952446
Sono 7: tempo impiegato: 1.320839e-04 secondi
Result: 4952446
Sono 0: tempo impiegato: 1.540184e-04 secondi
Sono 1: tempo impiegato: 1.268387e-04 secondi
Result: 4952446
Sono 2: tempo impiegato: 1.430511e-04 secondi
Result: 4952446
Sono 4: tempo impiegato: 1.549721e-04 secondi
Sono 5: tempo impiegato: 1.239777e-04 secondi
Result: 4952446
Tempo totale impiegato: 1.549721e-04 secondi
Result: 4952446
Result: 4952446
Sono 6: tempo impiegato: 1.468658e-04 secondi
Result: 4952446
--------------------------
